0 info it worked if it ends with ok
1 verbose cli [ 'G:\\Sdk\\node\\node.exe',
1 verbose cli   'G:\\Sdk\\node\\node_modules\\npm\\bin\\npm-cli.js',
1 verbose cli   'run',
1 verbose cli   'dev' ]
2 info using npm@3.10.10
3 info using node@v6.11.0
4 verbose run-script [ 'predev', 'dev', 'postdev' ]
5 info lifecycle yuan-boilerplate@1.0.1~predev: yuan-boilerplate@1.0.1
6 silly lifecycle yuan-boilerplate@1.0.1~predev: no script for predev, continuing
7 info lifecycle yuan-boilerplate@1.0.1~dev: yuan-boilerplate@1.0.1
8 verbose lifecycle yuan-boilerplate@1.0.1~dev: unsafe-perm in lifecycle true
9 verbose lifecycle yuan-boilerplate@1.0.1~dev: PATH: G:\Sdk\node\node_modules\npm\bin\node-gyp-bin;G:\Code\yuan\Front-End\yuan-boilerplate\node_modules\.bin;C:\Python27\;C:\Python27\Scripts;G:\Program Files\VanDyke Software\Clients\;C:\WINDOWS\system32;C:\WINDOWS;C:\WINDOWS\System32\Wbem;C:\WINDOWS\System32\WindowsPowerShell\v1.0\;C:\Program Files (x86)\Windows Kits\8.1\Windows Performance Toolkit\;C:\Program Files\Git\cmd;G:\PostgreSQL\pg96\bin;G:\Sdk\node;C:\Users\chenlizan\AppData\Local\Microsoft\WindowsApps;;G:\Program Files (x86)\SSH Communications Security\SSH Secure Shell;C:\Users\chenlizan\AppData\Roaming\npm;G:\Program Files\Fiddler
10 verbose lifecycle yuan-boilerplate@1.0.1~dev: CWD: G:\Code\yuan\Front-End\yuan-boilerplate
11 silly lifecycle yuan-boilerplate@1.0.1~dev: Args: [ '/d /s /c',
11 silly lifecycle   'cross-env NODE_ENV=development webpack-dev-server --config webpack.dev.config' ]
12 verbose stack Error: kill ENOSYS
12 verbose stack     at exports._errnoException (util.js:1018:11)
12 verbose stack     at process.kill (internal/process.js:190:13)
12 verbose stack     at process.listener (G:\Sdk\node\node_modules\npm\node_modules\npmlog\node_modules\gauge\node_modules\signal-exit\index.js:86:15)
12 verbose stack     at emitNone (events.js:91:20)
12 verbose stack     at process.emit (events.js:185:7)
12 verbose stack     at processEmit (G:\Sdk\node\node_modules\npm\node_modules\npmlog\node_modules\gauge\node_modules\signal-exit\index.js:146:32)
12 verbose stack     at processEmit (G:\Sdk\node\node_modules\npm\node_modules\npm-registry-client\node_modules\npmlog\node_modules\gauge\node_modules\signal-exit\index.js:146:32)
12 verbose stack     at Signal.wrap.onsignal (internal/process.js:217:44)
13 verbose cwd G:\Code\yuan\Front-End\yuan-boilerplate
14 error Windows_NT 10.0.15063
15 error argv "G:\\Sdk\\node\\node.exe" "G:\\Sdk\\node\\node_modules\\npm\\bin\\npm-cli.js" "run" "dev"
16 error node v6.11.0
17 error npm  v3.10.10
18 error code ENOSYS
19 error errno ENOSYS
20 error syscall kill
21 error kill ENOSYS
22 error If you need help, you may report this error at:
22 error     <https://github.com/npm/npm/issues>
23 verbose exit [ 1, true ]
